#-----------------------------------------------------------
# Vivado v2015.2 (64-bit)
# SW Build 1266856 on Fri Jun 26 16:35:25 MDT 2015
# IP Build 1264090 on Wed Jun 24 14:22:01 MDT 2015
# Start of session at: Fri Jun 05 12:51:27 2020
# Process ID: 15044
# Log file: F:/Vivado/PROJECTS/final assessment/CNN/CNNTeam3/vivado.log
# Journal file: F:/Vivado/PROJECTS/final assessment/CNN/CNNTeam3\vivado.jou
#-----------------------------------------------------------
start_gui
open_project {F:/Vivado/PROJECTS/final assessment/CNN/CNNTeam3/project_1.xpr}
CRITICAL WARNING: [Project 1-19] Could not find the file 'F:/Vivado/PROJECTS/final assessment/CNN/CNNTeam3/project_1.srcs/sources_1/new/SingleFilter_Conv.v'.
Scanning sources...
Finished scanning sources
INFO: [IP_Flow 19-234] Refreshing IP repositories
INFO: [IP_Flow 19-1704] No user IP repositories specified
INFO: [IP_Flow 19-2313] Loaded Vivado IP repository 'F:/Vivado/2015.2/data/ip'.
open_project: Time (s): cpu = 00:00:16 ; elapsed = 00:00:10 . Memory (MB): peak = 814.047 ; gain = 219.125
update_compile_order -fileset sources_1
exit
INFO: [Common 17-206] Exiting Vivado at Fri Jun 05 12:52:05 2020...
