INFO: [VRFC 10-2263] Analyzing Verilog file "F:/Vivado/PROJECTS/final assessment/CNN/CNNTeam3/project_1.srcs/sources_1/new/MUL.v" into library xil_defaultlib
INFO: [VRFC 10-311] analyzing module Fp_Mul
INFO: [VRFC 10-2263] Analyzing Verilog file "F:/Vivado/PROJECTS/final assessment/CNN/CNNTeam3/project_1.srcs/sources_1/new/ADD.v" into library xil_defaultlib
INFO: [VRFC 10-311] analyzing module Fp_Add
INFO: [VRFC 10-2263] Analyzing Verilog file "F:/Vivado/PROJECTS/final assessment/CNN/CNNTeam3/project_1.srcs/sources_1/new/Conv_Basic.v" into library xil_defaultlib
INFO: [VRFC 10-311] analyzing module Conv_Basic
ERROR: [VRFC 10-1243] port imageArray must not be declared to be an array [F:/Vivado/PROJECTS/final assessment/CNN/CNNTeam3/project_1.srcs/sources_1/new/Conv_Basic.v:20]
ERROR: [VRFC 10-111] imageArray needs 2 dimensions [F:/Vivado/PROJECTS/final assessment/CNN/CNNTeam3/project_1.srcs/sources_1/new/Conv_Basic.v:150]
ERROR: [VRFC 10-1221] part-select of memory imageArray is not allowed [F:/Vivado/PROJECTS/final assessment/CNN/CNNTeam3/project_1.srcs/sources_1/new/Conv_Basic.v:150]
ERROR: [VRFC 10-395] cannot assign an unpacked type to a packed type [F:/Vivado/PROJECTS/final assessment/CNN/CNNTeam3/project_1.srcs/sources_1/new/Conv_Basic.v:150]
ERROR: [VRFC 10-1523] unpacked value/target cannot be used in assignment [F:/Vivado/PROJECTS/final assessment/CNN/CNNTeam3/project_1.srcs/sources_1/new/Conv_Basic.v:150]
ERROR: [VRFC 10-111] imageArray needs 2 dimensions [F:/Vivado/PROJECTS/final assessment/CNN/CNNTeam3/project_1.srcs/sources_1/new/Conv_Basic.v:153]
ERROR: [VRFC 10-1221] part-select of memory imageArray is not allowed [F:/Vivado/PROJECTS/final assessment/CNN/CNNTeam3/project_1.srcs/sources_1/new/Conv_Basic.v:153]
ERROR: [VRFC 10-395] cannot assign an unpacked type to a packed type [F:/Vivado/PROJECTS/final assessment/CNN/CNNTeam3/project_1.srcs/sources_1/new/Conv_Basic.v:153]
ERROR: [VRFC 10-1523] unpacked value/target cannot be used in assignment [F:/Vivado/PROJECTS/final assessment/CNN/CNNTeam3/project_1.srcs/sources_1/new/Conv_Basic.v:153]
ERROR: [VRFC 10-111] imageArray needs 2 dimensions [F:/Vivado/PROJECTS/final assessment/CNN/CNNTeam3/project_1.srcs/sources_1/new/Conv_Basic.v:156]
ERROR: [VRFC 10-1221] part-select of memory imageArray is not allowed [F:/Vivado/PROJECTS/final assessment/CNN/CNNTeam3/project_1.srcs/sources_1/new/Conv_Basic.v:156]
ERROR: [VRFC 10-395] cannot assign an unpacked type to a packed type [F:/Vivado/PROJECTS/final assessment/CNN/CNNTeam3/project_1.srcs/sources_1/new/Conv_Basic.v:156]
ERROR: [VRFC 10-1523] unpacked value/target cannot be used in assignment [F:/Vivado/PROJECTS/final assessment/CNN/CNNTeam3/project_1.srcs/sources_1/new/Conv_Basic.v:156]
ERROR: [VRFC 10-111] imageArray needs 2 dimensions [F:/Vivado/PROJECTS/final assessment/CNN/CNNTeam3/project_1.srcs/sources_1/new/Conv_Basic.v:159]
ERROR: [VRFC 10-1221] part-select of memory imageArray is not allowed [F:/Vivado/PROJECTS/final assessment/CNN/CNNTeam3/project_1.srcs/sources_1/new/Conv_Basic.v:159]
ERROR: [VRFC 10-395] cannot assign an unpacked type to a packed type [F:/Vivado/PROJECTS/final assessment/CNN/CNNTeam3/project_1.srcs/sources_1/new/Conv_Basic.v:159]
ERROR: [VRFC 10-1523] unpacked value/target cannot be used in assignment [F:/Vivado/PROJECTS/final assessment/CNN/CNNTeam3/project_1.srcs/sources_1/new/Conv_Basic.v:159]
ERROR: [VRFC 10-111] imageArray needs 2 dimensions [F:/Vivado/PROJECTS/final assessment/CNN/CNNTeam3/project_1.srcs/sources_1/new/Conv_Basic.v:162]
ERROR: [VRFC 10-1221] part-select of memory imageArray is not allowed [F:/Vivado/PROJECTS/final assessment/CNN/CNNTeam3/project_1.srcs/sources_1/new/Conv_Basic.v:162]
INFO: [#UNDEF] Sorry, too many errors..
