Vivado Simulator 2015.2
Time resolution is 1 ps
Stopped at time : 125 ns : File "F:/Vivado/PROJECTS/final assessment/CNN/CNNTeam3/project_1.srcs/sources_1/new/Conv_Basic.v" Line 176
Stopped at time : 125 ns : File "F:/Vivado/PROJECTS/final assessment/CNN/CNNTeam3/project_1.srcs/sources_1/new/Conv_Basic.v" Line 177
Stopped at time : 125 ns : File "F:/Vivado/PROJECTS/final assessment/CNN/CNNTeam3/project_1.srcs/sources_1/new/Conv_Basic.v" Line 179
Stopped at time : 125 ns : File "F:/Vivado/PROJECTS/final assessment/CNN/CNNTeam3/project_1.srcs/sources_1/new/Conv_Basic.v" Line 180
Stopped at time : 125 ns : File "F:/Vivado/PROJECTS/final assessment/CNN/CNNTeam3/project_1.srcs/sources_1/new/Conv_Basic.v" Line 182
Stopped at time : 125 ns : File "F:/Vivado/PROJECTS/final assessment/CNN/CNNTeam3/project_1.srcs/sources_1/new/Conv_Basic.v" Line 183
Stopped at time : 125 ns : File "F:/Vivado/PROJECTS/final assessment/CNN/CNNTeam3/project_1.srcs/sources_1/new/Conv_Basic.v" Line 185
Stopped at time : 125 ns : File "F:/Vivado/PROJECTS/final assessment/CNN/CNNTeam3/project_1.srcs/sources_1/new/Conv_Basic.v" Line 186
Stopped at time : 125 ns : File "F:/Vivado/PROJECTS/final assessment/CNN/CNNTeam3/project_1.srcs/sources_1/new/Conv_Basic.v" Line 188
Stopped at time : 125 ns : File "F:/Vivado/PROJECTS/final assessment/CNN/CNNTeam3/project_1.srcs/sources_1/new/Conv_Basic.v" Line 189
Stopped at time : 125 ns : File "F:/Vivado/PROJECTS/final assessment/CNN/CNNTeam3/project_1.srcs/sources_1/new/Conv_Basic.v" Line 190
Stopped at time : 125 ns : File "F:/Vivado/PROJECTS/final assessment/CNN/CNNTeam3/project_1.srcs/sources_1/new/Conv_Basic.v" Line 191
Stopped at time : 125 ns : File "F:/Vivado/PROJECTS/final assessment/CNN/CNNTeam3/project_1.srcs/sources_1/new/Conv_Basic.v" Line 133
Stopped at time : 125 ns : File "F:/Vivado/PROJECTS/final assessment/CNN/CNNTeam3/project_1.srcs/sources_1/new/ADD.v" Line 28
Stopped at time : 125 ns : File "F:/Vivado/PROJECTS/final assessment/CNN/CNNTeam3/project_1.srcs/sources_1/new/ADD.v" Line 29
Stopped at time : 125 ns : File "F:/Vivado/PROJECTS/final assessment/CNN/CNNTeam3/project_1.srcs/sources_1/new/ADD.v" Line 30
Stopped at time : 125 ns : File "F:/Vivado/PROJECTS/final assessment/CNN/CNNTeam3/project_1.srcs/sources_1/new/ADD.v" Line 31
Stopped at time : 125 ns : File "F:/Vivado/PROJECTS/final assessment/CNN/CNNTeam3/project_1.srcs/sources_1/new/ADD.v" Line 32
Stopped at time : 125 ns : File "F:/Vivado/PROJECTS/final assessment/CNN/CNNTeam3/project_1.srcs/sources_1/new/ADD.v" Line 33
Stopped at time : 125 ns : File "F:/Vivado/PROJECTS/final assessment/CNN/CNNTeam3/project_1.srcs/sources_1/new/ADD.v" Line 36
Stopped at time : 125 ns : File "F:/Vivado/PROJECTS/final assessment/CNN/CNNTeam3/project_1.srcs/sources_1/new/ADD.v" Line 38
Stopped at time : 125 ns : File "F:/Vivado/PROJECTS/final assessment/CNN/CNNTeam3/project_1.srcs/sources_1/new/ADD.v" Line 39
Stopped at time : 125 ns : File "F:/Vivado/PROJECTS/final assessment/CNN/CNNTeam3/project_1.srcs/sources_1/new/ADD.v" Line 40
Stopped at time : 125 ns : File "F:/Vivado/PROJECTS/final assessment/CNN/CNNTeam3/project_1.srcs/sources_1/new/ADD.v" Line 42
Stopped at time : 125 ns : File "F:/Vivado/PROJECTS/final assessment/CNN/CNNTeam3/project_1.srcs/sources_1/new/ADD.v" Line 43
Stopped at time : 125 ns : File "F:/Vivado/PROJECTS/final assessment/CNN/CNNTeam3/project_1.srcs/sources_1/new/ADD.v" Line 44
Stopped at time : 125 ns : File "F:/Vivado/PROJECTS/final assessment/CNN/CNNTeam3/project_1.srcs/sources_1/new/ADD.v" Line 46
Stopped at time : 125 ns : File "F:/Vivado/PROJECTS/final assessment/CNN/CNNTeam3/project_1.srcs/sources_1/new/ADD.v" Line 47
Stopped at time : 125 ns : File "F:/Vivado/PROJECTS/final assessment/CNN/CNNTeam3/project_1.srcs/sources_1/new/ADD.v" Line 48
Stopped at time : 125 ns : File "F:/Vivado/PROJECTS/final assessment/CNN/CNNTeam3/project_1.srcs/sources_1/new/ADD.v" Line 53
Stopped at time : 125 ns : File "F:/Vivado/PROJECTS/final assessment/CNN/CNNTeam3/project_1.srcs/sources_1/new/ADD.v" Line 54
Stopped at time : 125 ns : File "F:/Vivado/PROJECTS/final assessment/CNN/CNNTeam3/project_1.srcs/sources_1/new/ADD.v" Line 55
Stopped at time : 125 ns : File "F:/Vivado/PROJECTS/final assessment/CNN/CNNTeam3/project_1.srcs/sources_1/new/ADD.v" Line 57
Stopped at time : 125 ns : File "F:/Vivado/PROJECTS/final assessment/CNN/CNNTeam3/project_1.srcs/sources_1/new/ADD.v" Line 59
Stopped at time : 125 ns : File "F:/Vivado/PROJECTS/final assessment/CNN/CNNTeam3/project_1.srcs/sources_1/new/ADD.v" Line 66
Stopped at time : 125 ns : File "F:/Vivado/PROJECTS/final assessment/CNN/CNNTeam3/project_1.srcs/sources_1/new/ADD.v" Line 68
Stopped at time : 125 ns : File "F:/Vivado/PROJECTS/final assessment/CNN/CNNTeam3/project_1.srcs/sources_1/new/ADD.v" Line 69
Stopped at time : 125 ns : File "F:/Vivado/PROJECTS/final assessment/CNN/CNNTeam3/project_1.srcs/sources_1/new/ADD.v" Line 71
Stopped at time : 125 ns : File "F:/Vivado/PROJECTS/final assessment/CNN/CNNTeam3/project_1.srcs/sources_1/new/ADD.v" Line 72
Stopped at time : 125 ns : File "F:/Vivado/PROJECTS/final assessment/CNN/CNNTeam3/project_1.srcs/sources_1/new/ADD.v" Line 88
Stopped at time : 125 ns : File "F:/Vivado/PROJECTS/final assessment/CNN/CNNTeam3/project_1.srcs/sources_1/new/ADD.v" Line 96
Stopped at time : 125 ns : File "F:/Vivado/PROJECTS/final assessment/CNN/CNNTeam3/project_1.srcs/sources_1/new/ADD.v" Line 97
Stopped at time : 125 ns : File "F:/Vivado/PROJECTS/final assessment/CNN/CNNTeam3/project_1.srcs/sources_1/new/ADD.v" Line 98
Stopped at time : 125 ns : File "F:/Vivado/PROJECTS/final assessment/CNN/CNNTeam3/project_1.srcs/sources_1/new/ADD.v" Line 26
Stopped at time : 125 ns : File "F:/Vivado/PROJECTS/final assessment/CNN/CNNTeam3/project_1.srcs/sources_1/new/ADD.v" Line 28
Stopped at time : 125 ns : File "F:/Vivado/PROJECTS/final assessment/CNN/CNNTeam3/project_1.srcs/sources_1/new/ADD.v" Line 29
Stopped at time : 125 ns : File "F:/Vivado/PROJECTS/final assessment/CNN/CNNTeam3/project_1.srcs/sources_1/new/ADD.v" Line 30
Stopped at time : 125 ns : File "F:/Vivado/PROJECTS/final assessment/CNN/CNNTeam3/project_1.srcs/sources_1/new/ADD.v" Line 31
Stopped at time : 125 ns : File "F:/Vivado/PROJECTS/final assessment/CNN/CNNTeam3/project_1.srcs/sources_1/new/ADD.v" Line 32
Stopped at time : 125 ns : File "F:/Vivado/PROJECTS/final assessment/CNN/CNNTeam3/project_1.srcs/sources_1/new/ADD.v" Line 33
Stopped at time : 125 ns : File "F:/Vivado/PROJECTS/final assessment/CNN/CNNTeam3/project_1.srcs/sources_1/new/ADD.v" Line 36
Stopped at time : 125 ns : File "F:/Vivado/PROJECTS/final assessment/CNN/CNNTeam3/project_1.srcs/sources_1/new/ADD.v" Line 38
Stopped at time : 125 ns : File "F:/Vivado/PROJECTS/final assessment/CNN/CNNTeam3/project_1.srcs/sources_1/new/ADD.v" Line 39
Stopped at time : 125 ns : File "F:/Vivado/PROJECTS/final assessment/CNN/CNNTeam3/project_1.srcs/sources_1/new/ADD.v" Line 40
Stopped at time : 125 ns : File "F:/Vivado/PROJECTS/final assessment/CNN/CNNTeam3/project_1.srcs/sources_1/new/ADD.v" Line 42
Stopped at time : 125 ns : File "F:/Vivado/PROJECTS/final assessment/CNN/CNNTeam3/project_1.srcs/sources_1/new/ADD.v" Line 43
Stopped at time : 125 ns : File "F:/Vivado/PROJECTS/final assessment/CNN/CNNTeam3/project_1.srcs/sources_1/new/ADD.v" Line 44
Stopped at time : 125 ns : File "F:/Vivado/PROJECTS/final assessment/CNN/CNNTeam3/project_1.srcs/sources_1/new/ADD.v" Line 46
Stopped at time : 125 ns : File "F:/Vivado/PROJECTS/final assessment/CNN/CNNTeam3/project_1.srcs/sources_1/new/ADD.v" Line 47
Stopped at time : 125 ns : File "F:/Vivado/PROJECTS/final assessment/CNN/CNNTeam3/project_1.srcs/sources_1/new/ADD.v" Line 48
Stopped at time : 125 ns : File "F:/Vivado/PROJECTS/final assessment/CNN/CNNTeam3/project_1.srcs/sources_1/new/ADD.v" Line 53
Stopped at time : 125 ns : File "F:/Vivado/PROJECTS/final assessment/CNN/CNNTeam3/project_1.srcs/sources_1/new/ADD.v" Line 54
Stopped at time : 125 ns : File "F:/Vivado/PROJECTS/final assessment/CNN/CNNTeam3/project_1.srcs/sources_1/new/ADD.v" Line 55
Stopped at time : 125 ns : File "F:/Vivado/PROJECTS/final assessment/CNN/CNNTeam3/project_1.srcs/sources_1/new/ADD.v" Line 57
Stopped at time : 125 ns : File "F:/Vivado/PROJECTS/final assessment/CNN/CNNTeam3/project_1.srcs/sources_1/new/ADD.v" Line 59
Stopped at time : 125 ns : File "F:/Vivado/PROJECTS/final assessment/CNN/CNNTeam3/project_1.srcs/sources_1/new/ADD.v" Line 66
Stopped at time : 125 ns : File "F:/Vivado/PROJECTS/final assessment/CNN/CNNTeam3/project_1.srcs/sources_1/new/ADD.v" Line 68
Stopped at time : 125 ns : File "F:/Vivado/PROJECTS/final assessment/CNN/CNNTeam3/project_1.srcs/sources_1/new/ADD.v" Line 69
Stopped at time : 125 ns : File "F:/Vivado/PROJECTS/final assessment/CNN/CNNTeam3/project_1.srcs/sources_1/new/ADD.v" Line 71
Stopped at time : 125 ns : File "F:/Vivado/PROJECTS/final assessment/CNN/CNNTeam3/project_1.srcs/sources_1/new/ADD.v" Line 72
Stopped at time : 125 ns : File "F:/Vivado/PROJECTS/final assessment/CNN/CNNTeam3/project_1.srcs/sources_1/new/ADD.v" Line 88
Stopped at time : 125 ns : File "F:/Vivado/PROJECTS/final assessment/CNN/CNNTeam3/project_1.srcs/sources_1/new/ADD.v" Line 96
Stopped at time : 125 ns : File "F:/Vivado/PROJECTS/final assessment/CNN/CNNTeam3/project_1.srcs/sources_1/new/ADD.v" Line 97
Stopped at time : 125 ns : File "F:/Vivado/PROJECTS/final assessment/CNN/CNNTeam3/project_1.srcs/sources_1/new/ADD.v" Line 98
Stopped at time : 125 ns : File "F:/Vivado/PROJECTS/final assessment/CNN/CNNTeam3/project_1.srcs/sources_1/new/ADD.v" Line 26
Stopped at time : 125 ns : File "F:/Vivado/PROJECTS/final assessment/CNN/CNNTeam3/project_1.srcs/sources_1/new/ADD.v" Line 28
Stopped at time : 125 ns : File "F:/Vivado/PROJECTS/final assessment/CNN/CNNTeam3/project_1.srcs/sources_1/new/ADD.v" Line 29
Stopped at time : 125 ns : File "F:/Vivado/PROJECTS/final assessment/CNN/CNNTeam3/project_1.srcs/sources_1/new/ADD.v" Line 30
Stopped at time : 125 ns : File "F:/Vivado/PROJECTS/final assessment/CNN/CNNTeam3/project_1.srcs/sources_1/new/ADD.v" Line 31
Stopped at time : 125 ns : File "F:/Vivado/PROJECTS/final assessment/CNN/CNNTeam3/project_1.srcs/sources_1/new/ADD.v" Line 32
Stopped at time : 125 ns : File "F:/Vivado/PROJECTS/final assessment/CNN/CNNTeam3/project_1.srcs/sources_1/new/ADD.v" Line 33
Stopped at time : 125 ns : File "F:/Vivado/PROJECTS/final assessment/CNN/CNNTeam3/project_1.srcs/sources_1/new/ADD.v" Line 36
Stopped at time : 125 ns : File "F:/Vivado/PROJECTS/final assessment/CNN/CNNTeam3/project_1.srcs/sources_1/new/ADD.v" Line 53
Stopped at time : 125 ns : File "F:/Vivado/PROJECTS/final assessment/CNN/CNNTeam3/project_1.srcs/sources_1/new/ADD.v" Line 54
Stopped at time : 125 ns : File "F:/Vivado/PROJECTS/final assessment/CNN/CNNTeam3/project_1.srcs/sources_1/new/ADD.v" Line 55
Stopped at time : 125 ns : File "F:/Vivado/PROJECTS/final assessment/CNN/CNNTeam3/project_1.srcs/sources_1/new/ADD.v" Line 57
Stopped at time : 125 ns : File "F:/Vivado/PROJECTS/final assessment/CNN/CNNTeam3/project_1.srcs/sources_1/new/ADD.v" Line 59
Stopped at time : 125 ns : File "F:/Vivado/PROJECTS/final assessment/CNN/CNNTeam3/project_1.srcs/sources_1/new/ADD.v" Line 66
Stopped at time : 125 ns : File "F:/Vivado/PROJECTS/final assessment/CNN/CNNTeam3/project_1.srcs/sources_1/new/ADD.v" Line 68
Stopped at time : 125 ns : File "F:/Vivado/PROJECTS/final assessment/CNN/CNNTeam3/project_1.srcs/sources_1/new/ADD.v" Line 69
Stopped at time : 125 ns : File "F:/Vivado/PROJECTS/final assessment/CNN/CNNTeam3/project_1.srcs/sources_1/new/ADD.v" Line 88
Stopped at time : 125 ns : File "F:/Vivado/PROJECTS/final assessment/CNN/CNNTeam3/project_1.srcs/sources_1/new/ADD.v" Line 90
Stopped at time : 125 ns : File "F:/Vivado/PROJECTS/final assessment/CNN/CNNTeam3/project_1.srcs/sources_1/new/ADD.v" Line 90
Stopped at time : 125 ns : File "F:/Vivado/PROJECTS/final assessment/CNN/CNNTeam3/project_1.srcs/sources_1/new/ADD.v" Line 96
Stopped at time : 125 ns : File "F:/Vivado/PROJECTS/final assessment/CNN/CNNTeam3/project_1.srcs/sources_1/new/ADD.v" Line 97
Stopped at time : 125 ns : File "F:/Vivado/PROJECTS/final assessment/CNN/CNNTeam3/project_1.srcs/sources_1/new/ADD.v" Line 98
Stopped at time : 125 ns : File "F:/Vivado/PROJECTS/final assessment/CNN/CNNTeam3/project_1.srcs/sources_1/new/ADD.v" Line 26
Stopped at time : 125 ns : File "F:/Vivado/PROJECTS/final assessment/CNN/CNNTeam3/project_1.srcs/sources_1/new/ADD.v" Line 28
Stopped at time : 125 ns : File "F:/Vivado/PROJECTS/final assessment/CNN/CNNTeam3/project_1.srcs/sources_1/new/ADD.v" Line 29
Stopped at time : 125 ns : File "F:/Vivado/PROJECTS/final assessment/CNN/CNNTeam3/project_1.srcs/sources_1/new/ADD.v" Line 30
Stopped at time : 125 ns : File "F:/Vivado/PROJECTS/final assessment/CNN/CNNTeam3/project_1.srcs/sources_1/new/ADD.v" Line 31
Stopped at time : 125 ns : File "F:/Vivado/PROJECTS/final assessment/CNN/CNNTeam3/project_1.srcs/sources_1/new/ADD.v" Line 32
Stopped at time : 125 ns : File "F:/Vivado/PROJECTS/final assessment/CNN/CNNTeam3/project_1.srcs/sources_1/new/ADD.v" Line 33
Stopped at time : 125 ns : File "F:/Vivado/PROJECTS/final assessment/CNN/CNNTeam3/project_1.srcs/sources_1/new/ADD.v" Line 36
Stopped at time : 125 ns : File "F:/Vivado/PROJECTS/final assessment/CNN/CNNTeam3/project_1.srcs/sources_1/new/ADD.v" Line 38
Stopped at time : 125 ns : File "F:/Vivado/PROJECTS/final assessment/CNN/CNNTeam3/project_1.srcs/sources_1/new/ADD.v" Line 39
Stopped at time : 125 ns : File "F:/Vivado/PROJECTS/final assessment/CNN/CNNTeam3/project_1.srcs/sources_1/new/ADD.v" Line 40
Stopped at time : 125 ns : File "F:/Vivado/PROJECTS/final assessment/CNN/CNNTeam3/project_1.srcs/sources_1/new/ADD.v" Line 42
Stopped at time : 125 ns : File "F:/Vivado/PROJECTS/final assessment/CNN/CNNTeam3/project_1.srcs/sources_1/new/ADD.v" Line 43
Stopped at time : 125 ns : File "F:/Vivado/PROJECTS/final assessment/CNN/CNNTeam3/project_1.srcs/sources_1/new/ADD.v" Line 44
Stopped at time : 125 ns : File "F:/Vivado/PROJECTS/final assessment/CNN/CNNTeam3/project_1.srcs/sources_1/new/ADD.v" Line 46
Stopped at time : 125 ns : File "F:/Vivado/PROJECTS/final assessment/CNN/CNNTeam3/project_1.srcs/sources_1/new/ADD.v" Line 47
Stopped at time : 125 ns : File "F:/Vivado/PROJECTS/final assessment/CNN/CNNTeam3/project_1.srcs/sources_1/new/ADD.v" Line 48
Stopped at time : 125 ns : File "F:/Vivado/PROJECTS/final assessment/CNN/CNNTeam3/project_1.srcs/sources_1/new/ADD.v" Line 53
Stopped at time : 125 ns : File "F:/Vivado/PROJECTS/final assessment/CNN/CNNTeam3/project_1.srcs/sources_1/new/ADD.v" Line 54
Stopped at time : 125 ns : File "F:/Vivado/PROJECTS/final assessment/CNN/CNNTeam3/project_1.srcs/sources_1/new/ADD.v" Line 55
Stopped at time : 125 ns : File "F:/Vivado/PROJECTS/final assessment/CNN/CNNTeam3/project_1.srcs/sources_1/new/ADD.v" Line 57
Stopped at time : 125 ns : File "F:/Vivado/PROJECTS/final assessment/CNN/CNNTeam3/project_1.srcs/sources_1/new/ADD.v" Line 59
Stopped at time : 125 ns : File "F:/Vivado/PROJECTS/final assessment/CNN/CNNTeam3/project_1.srcs/sources_1/new/ADD.v" Line 66
Stopped at time : 125 ns : File "F:/Vivado/PROJECTS/final assessment/CNN/CNNTeam3/project_1.srcs/sources_1/new/ADD.v" Line 68
Stopped at time : 125 ns : File "F:/Vivado/PROJECTS/final assessment/CNN/CNNTeam3/project_1.srcs/sources_1/new/ADD.v" Line 69
Stopped at time : 125 ns : File "F:/Vivado/PROJECTS/final assessment/CNN/CNNTeam3/project_1.srcs/sources_1/new/ADD.v" Line 71
Stopped at time : 125 ns : File "F:/Vivado/PROJECTS/final assessment/CNN/CNNTeam3/project_1.srcs/sources_1/new/ADD.v" Line 72
Stopped at time : 125 ns : File "F:/Vivado/PROJECTS/final assessment/CNN/CNNTeam3/project_1.srcs/sources_1/new/ADD.v" Line 88
Stopped at time : 125 ns : File "F:/Vivado/PROJECTS/final assessment/CNN/CNNTeam3/project_1.srcs/sources_1/new/ADD.v" Line 96
Stopped at time : 125 ns : File "F:/Vivado/PROJECTS/final assessment/CNN/CNNTeam3/project_1.srcs/sources_1/new/ADD.v" Line 97
Stopped at time : 125 ns : File "F:/Vivado/PROJECTS/final assessment/CNN/CNNTeam3/project_1.srcs/sources_1/new/ADD.v" Line 98
Stopped at time : 125 ns : File "F:/Vivado/PROJECTS/final assessment/CNN/CNNTeam3/project_1.srcs/sources_1/new/ADD.v" Line 26
Stopped at time : 125 ns : File "F:/Vivado/PROJECTS/final assessment/CNN/CNNTeam3/project_1.srcs/sources_1/new/ADD.v" Line 28
Stopped at time : 125 ns : File "F:/Vivado/PROJECTS/final assessment/CNN/CNNTeam3/project_1.srcs/sources_1/new/ADD.v" Line 29
Stopped at time : 125 ns : File "F:/Vivado/PROJECTS/final assessment/CNN/CNNTeam3/project_1.srcs/sources_1/new/ADD.v" Line 30
Stopped at time : 125 ns : File "F:/Vivado/PROJECTS/final assessment/CNN/CNNTeam3/project_1.srcs/sources_1/new/ADD.v" Line 31
Stopped at time : 125 ns : File "F:/Vivado/PROJECTS/final assessment/CNN/CNNTeam3/project_1.srcs/sources_1/new/ADD.v" Line 32
Stopped at time : 125 ns : File "F:/Vivado/PROJECTS/final assessment/CNN/CNNTeam3/project_1.srcs/sources_1/new/ADD.v" Line 33
Stopped at time : 125 ns : File "F:/Vivado/PROJECTS/final assessment/CNN/CNNTeam3/project_1.srcs/sources_1/new/ADD.v" Line 36
Stopped at time : 125 ns : File "F:/Vivado/PROJECTS/final assessment/CNN/CNNTeam3/project_1.srcs/sources_1/new/ADD.v" Line 38
Stopped at time : 125 ns : File "F:/Vivado/PROJECTS/final assessment/CNN/CNNTeam3/project_1.srcs/sources_1/new/ADD.v" Line 39
Stopped at time : 125 ns : File "F:/Vivado/PROJECTS/final assessment/CNN/CNNTeam3/project_1.srcs/sources_1/new/ADD.v" Line 40
Stopped at time : 125 ns : File "F:/Vivado/PROJECTS/final assessment/CNN/CNNTeam3/project_1.srcs/sources_1/new/ADD.v" Line 42
Stopped at time : 125 ns : File "F:/Vivado/PROJECTS/final assessment/CNN/CNNTeam3/project_1.srcs/sources_1/new/ADD.v" Line 43
Stopped at time : 125 ns : File "F:/Vivado/PROJECTS/final assessment/CNN/CNNTeam3/project_1.srcs/sources_1/new/ADD.v" Line 44
Stopped at time : 125 ns : File "F:/Vivado/PROJECTS/final assessment/CNN/CNNTeam3/project_1.srcs/sources_1/new/ADD.v" Line 46
Stopped at time : 125 ns : File "F:/Vivado/PROJECTS/final assessment/CNN/CNNTeam3/project_1.srcs/sources_1/new/ADD.v" Line 47
Stopped at time : 125 ns : File "F:/Vivado/PROJECTS/final assessment/CNN/CNNTeam3/project_1.srcs/sources_1/new/ADD.v" Line 48
Stopped at time : 125 ns : File "F:/Vivado/PROJECTS/final assessment/CNN/CNNTeam3/project_1.srcs/sources_1/new/ADD.v" Line 53
Stopped at time : 125 ns : File "F:/Vivado/PROJECTS/final assessment/CNN/CNNTeam3/project_1.srcs/sources_1/new/ADD.v" Line 54
Stopped at time : 125 ns : File "F:/Vivado/PROJECTS/final assessment/CNN/CNNTeam3/project_1.srcs/sources_1/new/ADD.v" Line 55
Stopped at time : 125 ns : File "F:/Vivado/PROJECTS/final assessment/CNN/CNNTeam3/project_1.srcs/sources_1/new/ADD.v" Line 57
Stopped at time : 125 ns : File "F:/Vivado/PROJECTS/final assessment/CNN/CNNTeam3/project_1.srcs/sources_1/new/ADD.v" Line 59
Stopped at time : 125 ns : File "F:/Vivado/PROJECTS/final assessment/CNN/CNNTeam3/project_1.srcs/sources_1/new/ADD.v" Line 66
Stopped at time : 125 ns : File "F:/Vivado/PROJECTS/final assessment/CNN/CNNTeam3/project_1.srcs/sources_1/new/ADD.v" Line 68
Stopped at time : 125 ns : File "F:/Vivado/PROJECTS/final assessment/CNN/CNNTeam3/project_1.srcs/sources_1/new/ADD.v" Line 69
Stopped at time : 125 ns : File "F:/Vivado/PROJECTS/final assessment/CNN/CNNTeam3/project_1.srcs/sources_1/new/ADD.v" Line 71
Stopped at time : 125 ns : File "F:/Vivado/PROJECTS/final assessment/CNN/CNNTeam3/project_1.srcs/sources_1/new/ADD.v" Line 72
Stopped at time : 125 ns : File "F:/Vivado/PROJECTS/final assessment/CNN/CNNTeam3/project_1.srcs/sources_1/new/ADD.v" Line 88
Stopped at time : 125 ns : File "F:/Vivado/PROJECTS/final assessment/CNN/CNNTeam3/project_1.srcs/sources_1/new/ADD.v" Line 96
Stopped at time : 125 ns : File "F:/Vivado/PROJECTS/final assessment/CNN/CNNTeam3/project_1.srcs/sources_1/new/ADD.v" Line 97
Stopped at time : 125 ns : File "F:/Vivado/PROJECTS/final assessment/CNN/CNNTeam3/project_1.srcs/sources_1/new/ADD.v" Line 98
Stopped at time : 125 ns : File "F:/Vivado/PROJECTS/final assessment/CNN/CNNTeam3/project_1.srcs/sources_1/new/ADD.v" Line 26
Stopped at time : 130 ns : File "F:/Vivado/PROJECTS/final assessment/CNN/CNNTeam3/project_1.srcs/sim_1/new/Conv_Basic_tb.v" Line 17
Stopped at time : 130 ns : File "F:/Vivado/PROJECTS/final assessment/CNN/CNNTeam3/project_1.srcs/sim_1/new/Conv_Basic_tb.v" Line 17
Stopped at time : 130 ns : File "F:/Vivado/PROJECTS/final assessment/CNN/CNNTeam3/project_1.srcs/sources_1/new/Conv_Basic.v" Line 198
Stopped at time : 130 ns : File "F:/Vivado/PROJECTS/final assessment/CNN/CNNTeam3/project_1.srcs/sources_1/new/Conv_Basic.v" Line 208
Stopped at time : 130 ns : File "F:/Vivado/PROJECTS/final assessment/CNN/CNNTeam3/project_1.srcs/sources_1/new/Conv_Basic.v" Line 218
Stopped at time : 130 ns : File "F:/Vivado/PROJECTS/final assessment/CNN/CNNTeam3/project_1.srcs/sources_1/new/Conv_Basic.v" Line 220
Stopped at time : 130 ns : File "F:/Vivado/PROJECTS/final assessment/CNN/CNNTeam3/project_1.srcs/sources_1/new/Conv_Basic.v" Line 221
Stopped at time : 130 ns : File "F:/Vivado/PROJECTS/final assessment/CNN/CNNTeam3/project_1.srcs/sources_1/new/Conv_Basic.v" Line 222
Stopped at time : 130 ns : File "F:/Vivado/PROJECTS/final assessment/CNN/CNNTeam3/project_1.srcs/sources_1/new/Conv_Basic.v" Line 223
Stopped at time : 130 ns : File "F:/Vivado/PROJECTS/final assessment/CNN/CNNTeam3/project_1.srcs/sources_1/new/Conv_Basic.v" Line 224
Stopped at time : 130 ns : File "F:/Vivado/PROJECTS/final assessment/CNN/CNNTeam3/project_1.srcs/sources_1/new/Conv_Basic.v" Line 196
Stopped at time : 135 ns : File "F:/Vivado/PROJECTS/final assessment/CNN/CNNTeam3/project_1.srcs/sim_1/new/Conv_Basic_tb.v" Line 17
Stopped at time : 135 ns : File "F:/Vivado/PROJECTS/final assessment/CNN/CNNTeam3/project_1.srcs/sim_1/new/Conv_Basic_tb.v" Line 17
Stopped at time : 135 ns : File "F:/Vivado/PROJECTS/final assessment/CNN/CNNTeam3/project_1.srcs/sources_1/new/Conv_Basic.v" Line 135
Stopped at time : 135 ns : File "F:/Vivado/PROJECTS/final assessment/CNN/CNNTeam3/project_1.srcs/sources_1/new/Conv_Basic.v" Line 154
Stopped at time : 135 ns : File "F:/Vivado/PROJECTS/final assessment/CNN/CNNTeam3/project_1.srcs/sources_1/new/Conv_Basic.v" Line 173
Stopped at time : 135 ns : File "F:/Vivado/PROJECTS/final assessment/CNN/CNNTeam3/project_1.srcs/sources_1/new/Conv_Basic.v" Line 175
Stopped at time : 135 ns : File "F:/Vivado/PROJECTS/final assessment/CNN/CNNTeam3/project_1.srcs/sources_1/new/Conv_Basic.v" Line 176
Stopped at time : 135 ns : File "F:/Vivado/PROJECTS/final assessment/CNN/CNNTeam3/project_1.srcs/sources_1/new/Conv_Basic.v" Line 177
Stopped at time : 135 ns : File "F:/Vivado/PROJECTS/final assessment/CNN/CNNTeam3/project_1.srcs/sources_1/new/Conv_Basic.v" Line 179
Stopped at time : 135 ns : File "F:/Vivado/PROJECTS/final assessment/CNN/CNNTeam3/project_1.srcs/sources_1/new/Conv_Basic.v" Line 180
Stopped at time : 135 ns : File "F:/Vivado/PROJECTS/final assessment/CNN/CNNTeam3/project_1.srcs/sources_1/new/Conv_Basic.v" Line 182
Stopped at time : 135 ns : File "F:/Vivado/PROJECTS/final assessment/CNN/CNNTeam3/project_1.srcs/sources_1/new/Conv_Basic.v" Line 183
Stopped at time : 135 ns : File "F:/Vivado/PROJECTS/final assessment/CNN/CNNTeam3/project_1.srcs/sources_1/new/Conv_Basic.v" Line 185
Stopped at time : 135 ns : File "F:/Vivado/PROJECTS/final assessment/CNN/CNNTeam3/project_1.srcs/sources_1/new/Conv_Basic.v" Line 186
Stopped at time : 135 ns : File "F:/Vivado/PROJECTS/final assessment/CNN/CNNTeam3/project_1.srcs/sources_1/new/Conv_Basic.v" Line 188
Stopped at time : 135 ns : File "F:/Vivado/PROJECTS/final assessment/CNN/CNNTeam3/project_1.srcs/sources_1/new/Conv_Basic.v" Line 189
Stopped at time : 135 ns : File "F:/Vivado/PROJECTS/final assessment/CNN/CNNTeam3/project_1.srcs/sources_1/new/Conv_Basic.v" Line 190
Stopped at time : 135 ns : File "F:/Vivado/PROJECTS/final assessment/CNN/CNNTeam3/project_1.srcs/sources_1/new/Conv_Basic.v" Line 191
Stopped at time : 135 ns : File "F:/Vivado/PROJECTS/final assessment/CNN/CNNTeam3/project_1.srcs/sources_1/new/Conv_Basic.v" Line 133
Stopped at time : 135 ns : File "F:/Vivado/PROJECTS/final assessment/CNN/CNNTeam3/project_1.srcs/sources_1/new/ADD.v" Line 28
Stopped at time : 135 ns : File "F:/Vivado/PROJECTS/final assessment/CNN/CNNTeam3/project_1.srcs/sources_1/new/ADD.v" Line 29
Stopped at time : 135 ns : File "F:/Vivado/PROJECTS/final assessment/CNN/CNNTeam3/project_1.srcs/sources_1/new/ADD.v" Line 30
Stopped at time : 135 ns : File "F:/Vivado/PROJECTS/final assessment/CNN/CNNTeam3/project_1.srcs/sources_1/new/ADD.v" Line 31
Stopped at time : 135 ns : File "F:/Vivado/PROJECTS/final assessment/CNN/CNNTeam3/project_1.srcs/sources_1/new/ADD.v" Line 32
Stopped at time : 135 ns : File "F:/Vivado/PROJECTS/final assessment/CNN/CNNTeam3/project_1.srcs/sources_1/new/ADD.v" Line 33
Stopped at time : 135 ns : File "F:/Vivado/PROJECTS/final assessment/CNN/CNNTeam3/project_1.srcs/sources_1/new/ADD.v" Line 36
Stopped at time : 135 ns : File "F:/Vivado/PROJECTS/final assessment/CNN/CNNTeam3/project_1.srcs/sources_1/new/ADD.v" Line 53
Stopped at time : 135 ns : File "F:/Vivado/PROJECTS/final assessment/CNN/CNNTeam3/project_1.srcs/sources_1/new/ADD.v" Line 54
Stopped at time : 135 ns : File "F:/Vivado/PROJECTS/final assessment/CNN/CNNTeam3/project_1.srcs/sources_1/new/ADD.v" Line 55
Stopped at time : 135 ns : File "F:/Vivado/PROJECTS/final assessment/CNN/CNNTeam3/project_1.srcs/sources_1/new/ADD.v" Line 57
Stopped at time : 135 ns : File "F:/Vivado/PROJECTS/final assessment/CNN/CNNTeam3/project_1.srcs/sources_1/new/ADD.v" Line 63
Stopped at time : 135 ns : File "F:/Vivado/PROJECTS/final assessment/CNN/CNNTeam3/project_1.srcs/sources_1/new/ADD.v" Line 66
Stopped at time : 135 ns : File "F:/Vivado/PROJECTS/final assessment/CNN/CNNTeam3/project_1.srcs/sources_1/new/ADD.v" Line 77
Stopped at time : 135 ns : File "F:/Vivado/PROJECTS/final assessment/CNN/CNNTeam3/project_1.srcs/sources_1/new/ADD.v" Line 79
Stopped at time : 135 ns : File "F:/Vivado/PROJECTS/final assessment/CNN/CNNTeam3/project_1.srcs/sources_1/new/ADD.v" Line 80
Stopped at time : 135 ns : File "F:/Vivado/PROJECTS/final assessment/CNN/CNNTeam3/project_1.srcs/sources_1/new/ADD.v" Line 81
Stopped at time : 135 ns : File "F:/Vivado/PROJECTS/final assessment/CNN/CNNTeam3/project_1.srcs/sources_1/new/ADD.v" Line 88
Stopped at time : 135 ns : File "F:/Vivado/PROJECTS/final assessment/CNN/CNNTeam3/project_1.srcs/sources_1/new/ADD.v" Line 96
Stopped at time : 135 ns : File "F:/Vivado/PROJECTS/final assessment/CNN/CNNTeam3/project_1.srcs/sources_1/new/ADD.v" Line 97
Stopped at time : 135 ns : File "F:/Vivado/PROJECTS/final assessment/CNN/CNNTeam3/project_1.srcs/sources_1/new/ADD.v" Line 98
Stopped at time : 135 ns : File "F:/Vivado/PROJECTS/final assessment/CNN/CNNTeam3/project_1.srcs/sources_1/new/ADD.v" Line 26
Stopped at time : 135 ns : File "F:/Vivado/PROJECTS/final assessment/CNN/CNNTeam3/project_1.srcs/sources_1/new/ADD.v" Line 28
Stopped at time : 135 ns : File "F:/Vivado/PROJECTS/final assessment/CNN/CNNTeam3/project_1.srcs/sources_1/new/ADD.v" Line 29
Stopped at time : 135 ns : File "F:/Vivado/PROJECTS/final assessment/CNN/CNNTeam3/project_1.srcs/sources_1/new/ADD.v" Line 30
Stopped at time : 135 ns : File "F:/Vivado/PROJECTS/final assessment/CNN/CNNTeam3/project_1.srcs/sources_1/new/ADD.v" Line 31
Stopped at time : 135 ns : File "F:/Vivado/PROJECTS/final assessment/CNN/CNNTeam3/project_1.srcs/sources_1/new/ADD.v" Line 32
Stopped at time : 135 ns : File "F:/Vivado/PROJECTS/final assessment/CNN/CNNTeam3/project_1.srcs/sources_1/new/ADD.v" Line 33
Stopped at time : 135 ns : File "F:/Vivado/PROJECTS/final assessment/CNN/CNNTeam3/project_1.srcs/sources_1/new/ADD.v" Line 36
Stopped at time : 135 ns : File "F:/Vivado/PROJECTS/final assessment/CNN/CNNTeam3/project_1.srcs/sources_1/new/ADD.v" Line 53
Stopped at time : 135 ns : File "F:/Vivado/PROJECTS/final assessment/CNN/CNNTeam3/project_1.srcs/sources_1/new/ADD.v" Line 54
Stopped at time : 135 ns : File "F:/Vivado/PROJECTS/final assessment/CNN/CNNTeam3/project_1.srcs/sources_1/new/ADD.v" Line 55
Stopped at time : 135 ns : File "F:/Vivado/PROJECTS/final assessment/CNN/CNNTeam3/project_1.srcs/sources_1/new/ADD.v" Line 57
Stopped at time : 135 ns : File "F:/Vivado/PROJECTS/final assessment/CNN/CNNTeam3/project_1.srcs/sources_1/new/ADD.v" Line 63
Stopped at time : 135 ns : File "F:/Vivado/PROJECTS/final assessment/CNN/CNNTeam3/project_1.srcs/sources_1/new/ADD.v" Line 66
Stopped at time : 135 ns : File "F:/Vivado/PROJECTS/final assessment/CNN/CNNTeam3/project_1.srcs/sources_1/new/ADD.v" Line 77
Stopped at time : 135 ns : File "F:/Vivado/PROJECTS/final assessment/CNN/CNNTeam3/project_1.srcs/sources_1/new/ADD.v" Line 79
Stopped at time : 135 ns : File "F:/Vivado/PROJECTS/final assessment/CNN/CNNTeam3/project_1.srcs/sources_1/new/ADD.v" Line 80
Stopped at time : 135 ns : File "F:/Vivado/PROJECTS/final assessment/CNN/CNNTeam3/project_1.srcs/sources_1/new/ADD.v" Line 81
Stopped at time : 135 ns : File "F:/Vivado/PROJECTS/final assessment/CNN/CNNTeam3/project_1.srcs/sources_1/new/ADD.v" Line 88
Stopped at time : 135 ns : File "F:/Vivado/PROJECTS/final assessment/CNN/CNNTeam3/project_1.srcs/sources_1/new/ADD.v" Line 96
Stopped at time : 135 ns : File "F:/Vivado/PROJECTS/final assessment/CNN/CNNTeam3/project_1.srcs/sources_1/new/ADD.v" Line 97
Stopped at time : 135 ns : File "F:/Vivado/PROJECTS/final assessment/CNN/CNNTeam3/project_1.srcs/sources_1/new/ADD.v" Line 98
Stopped at time : 135 ns : File "F:/Vivado/PROJECTS/final assessment/CNN/CNNTeam3/project_1.srcs/sources_1/new/ADD.v" Line 26
Stopped at time : 135 ns : File "F:/Vivado/PROJECTS/final assessment/CNN/CNNTeam3/project_1.srcs/sources_1/new/ADD.v" Line 28
Stopped at time : 135 ns : File "F:/Vivado/PROJECTS/final assessment/CNN/CNNTeam3/project_1.srcs/sources_1/new/ADD.v" Line 29
Stopped at time : 135 ns : File "F:/Vivado/PROJECTS/final assessment/CNN/CNNTeam3/project_1.srcs/sources_1/new/ADD.v" Line 30
Stopped at time : 135 ns : File "F:/Vivado/PROJECTS/final assessment/CNN/CNNTeam3/project_1.srcs/sources_1/new/ADD.v" Line 31
Stopped at time : 135 ns : File "F:/Vivado/PROJECTS/final assessment/CNN/CNNTeam3/project_1.srcs/sources_1/new/ADD.v" Line 32
Stopped at time : 135 ns : File "F:/Vivado/PROJECTS/final assessment/CNN/CNNTeam3/project_1.srcs/sources_1/new/ADD.v" Line 33
Stopped at time : 135 ns : File "F:/Vivado/PROJECTS/final assessment/CNN/CNNTeam3/project_1.srcs/sources_1/new/ADD.v" Line 36
Stopped at time : 135 ns : File "F:/Vivado/PROJECTS/final assessment/CNN/CNNTeam3/project_1.srcs/sources_1/new/ADD.v" Line 53
Stopped at time : 135 ns : File "F:/Vivado/PROJECTS/final assessment/CNN/CNNTeam3/project_1.srcs/sources_1/new/ADD.v" Line 54
Stopped at time : 135 ns : File "F:/Vivado/PROJECTS/final assessment/CNN/CNNTeam3/project_1.srcs/sources_1/new/ADD.v" Line 55
Stopped at time : 135 ns : File "F:/Vivado/PROJECTS/final assessment/CNN/CNNTeam3/project_1.srcs/sources_1/new/ADD.v" Line 57
Stopped at time : 135 ns : File "F:/Vivado/PROJECTS/final assessment/CNN/CNNTeam3/project_1.srcs/sources_1/new/ADD.v" Line 63
Stopped at time : 135 ns : File "F:/Vivado/PROJECTS/final assessment/CNN/CNNTeam3/project_1.srcs/sources_1/new/ADD.v" Line 66
Stopped at time : 135 ns : File "F:/Vivado/PROJECTS/final assessment/CNN/CNNTeam3/project_1.srcs/sources_1/new/ADD.v" Line 77
Stopped at time : 135 ns : File "F:/Vivado/PROJECTS/final assessment/CNN/CNNTeam3/project_1.srcs/sources_1/new/ADD.v" Line 79
Stopped at time : 135 ns : File "F:/Vivado/PROJECTS/final assessment/CNN/CNNTeam3/project_1.srcs/sources_1/new/ADD.v" Line 80
Stopped at time : 135 ns : File "F:/Vivado/PROJECTS/final assessment/CNN/CNNTeam3/project_1.srcs/sources_1/new/ADD.v" Line 81
Stopped at time : 135 ns : File "F:/Vivado/PROJECTS/final assessment/CNN/CNNTeam3/project_1.srcs/sources_1/new/ADD.v" Line 88
Stopped at time : 135 ns : File "F:/Vivado/PROJECTS/final assessment/CNN/CNNTeam3/project_1.srcs/sources_1/new/ADD.v" Line 96
Stopped at time : 135 ns : File "F:/Vivado/PROJECTS/final assessment/CNN/CNNTeam3/project_1.srcs/sources_1/new/ADD.v" Line 97
Stopped at time : 135 ns : File "F:/Vivado/PROJECTS/final assessment/CNN/CNNTeam3/project_1.srcs/sources_1/new/ADD.v" Line 98
Stopped at time : 135 ns : File "F:/Vivado/PROJECTS/final assessment/CNN/CNNTeam3/project_1.srcs/sources_1/new/ADD.v" Line 26
Stopped at time : 135 ns : File "F:/Vivado/PROJECTS/final assessment/CNN/CNNTeam3/project_1.srcs/sources_1/new/ADD.v" Line 28
Stopped at time : 135 ns : File "F:/Vivado/PROJECTS/final assessment/CNN/CNNTeam3/project_1.srcs/sources_1/new/ADD.v" Line 29
Stopped at time : 135 ns : File "F:/Vivado/PROJECTS/final assessment/CNN/CNNTeam3/project_1.srcs/sources_1/new/ADD.v" Line 30
Stopped at time : 135 ns : File "F:/Vivado/PROJECTS/final assessment/CNN/CNNTeam3/project_1.srcs/sources_1/new/ADD.v" Line 31
Stopped at time : 135 ns : File "F:/Vivado/PROJECTS/final assessment/CNN/CNNTeam3/project_1.srcs/sources_1/new/ADD.v" Line 32
Stopped at time : 135 ns : File "F:/Vivado/PROJECTS/final assessment/CNN/CNNTeam3/project_1.srcs/sources_1/new/ADD.v" Line 33
Stopped at time : 135 ns : File "F:/Vivado/PROJECTS/final assessment/CNN/CNNTeam3/project_1.srcs/sources_1/new/ADD.v" Line 36
Stopped at time : 135 ns : File "F:/Vivado/PROJECTS/final assessment/CNN/CNNTeam3/project_1.srcs/sources_1/new/ADD.v" Line 53
Stopped at time : 135 ns : File "F:/Vivado/PROJECTS/final assessment/CNN/CNNTeam3/project_1.srcs/sources_1/new/ADD.v" Line 54
Stopped at time : 135 ns : File "F:/Vivado/PROJECTS/final assessment/CNN/CNNTeam3/project_1.srcs/sources_1/new/ADD.v" Line 55
Stopped at time : 135 ns : File "F:/Vivado/PROJECTS/final assessment/CNN/CNNTeam3/project_1.srcs/sources_1/new/ADD.v" Line 57
Stopped at time : 135 ns : File "F:/Vivado/PROJECTS/final assessment/CNN/CNNTeam3/project_1.srcs/sources_1/new/ADD.v" Line 63
Stopped at time : 135 ns : File "F:/Vivado/PROJECTS/final assessment/CNN/CNNTeam3/project_1.srcs/sources_1/new/ADD.v" Line 66
Stopped at time : 135 ns : File "F:/Vivado/PROJECTS/final assessment/CNN/CNNTeam3/project_1.srcs/sources_1/new/ADD.v" Line 77
Stopped at time : 135 ns : File "F:/Vivado/PROJECTS/final assessment/CNN/CNNTeam3/project_1.srcs/sources_1/new/ADD.v" Line 79
Stopped at time : 135 ns : File "F:/Vivado/PROJECTS/final assessment/CNN/CNNTeam3/project_1.srcs/sources_1/new/ADD.v" Line 80
Stopped at time : 135 ns : File "F:/Vivado/PROJECTS/final assessment/CNN/CNNTeam3/project_1.srcs/sources_1/new/ADD.v" Line 81
Stopped at time : 135 ns : File "F:/Vivado/PROJECTS/final assessment/CNN/CNNTeam3/project_1.srcs/sources_1/new/ADD.v" Line 88
Stopped at time : 135 ns : File "F:/Vivado/PROJECTS/final assessment/CNN/CNNTeam3/project_1.srcs/sources_1/new/ADD.v" Line 96
Stopped at time : 135 ns : File "F:/Vivado/PROJECTS/final assessment/CNN/CNNTeam3/project_1.srcs/sources_1/new/ADD.v" Line 97
Stopped at time : 135 ns : File "F:/Vivado/PROJECTS/final assessment/CNN/CNNTeam3/project_1.srcs/sources_1/new/ADD.v" Line 98
Stopped at time : 135 ns : File "F:/Vivado/PROJECTS/final assessment/CNN/CNNTeam3/project_1.srcs/sources_1/new/ADD.v" Line 26
Stopped at time : 135 ns : File "F:/Vivado/PROJECTS/final assessment/CNN/CNNTeam3/project_1.srcs/sources_1/new/ADD.v" Line 28
Stopped at time : 135 ns : File "F:/Vivado/PROJECTS/final assessment/CNN/CNNTeam3/project_1.srcs/sources_1/new/ADD.v" Line 29
Stopped at time : 135 ns : File "F:/Vivado/PROJECTS/final assessment/CNN/CNNTeam3/project_1.srcs/sources_1/new/ADD.v" Line 30
Stopped at time : 135 ns : File "F:/Vivado/PROJECTS/final assessment/CNN/CNNTeam3/project_1.srcs/sources_1/new/ADD.v" Line 31
Stopped at time : 135 ns : File "F:/Vivado/PROJECTS/final assessment/CNN/CNNTeam3/project_1.srcs/sources_1/new/ADD.v" Line 32
Stopped at time : 135 ns : File "F:/Vivado/PROJECTS/final assessment/CNN/CNNTeam3/project_1.srcs/sources_1/new/ADD.v" Line 33
Stopped at time : 135 ns : File "F:/Vivado/PROJECTS/final assessment/CNN/CNNTeam3/project_1.srcs/sources_1/new/ADD.v" Line 36
Stopped at time : 135 ns : File "F:/Vivado/PROJECTS/final assessment/CNN/CNNTeam3/project_1.srcs/sources_1/new/ADD.v" Line 53
Stopped at time : 135 ns : File "F:/Vivado/PROJECTS/final assessment/CNN/CNNTeam3/project_1.srcs/sources_1/new/ADD.v" Line 54
Stopped at time : 135 ns : File "F:/Vivado/PROJECTS/final assessment/CNN/CNNTeam3/project_1.srcs/sources_1/new/ADD.v" Line 55
Stopped at time : 135 ns : File "F:/Vivado/PROJECTS/final assessment/CNN/CNNTeam3/project_1.srcs/sources_1/new/ADD.v" Line 57
Stopped at time : 135 ns : File "F:/Vivado/PROJECTS/final assessment/CNN/CNNTeam3/project_1.srcs/sources_1/new/ADD.v" Line 63
Stopped at time : 135 ns : File "F:/Vivado/PROJECTS/final assessment/CNN/CNNTeam3/project_1.srcs/sources_1/new/ADD.v" Line 66
Stopped at time : 135 ns : File "F:/Vivado/PROJECTS/final assessment/CNN/CNNTeam3/project_1.srcs/sources_1/new/ADD.v" Line 77
Stopped at time : 135 ns : File "F:/Vivado/PROJECTS/final assessment/CNN/CNNTeam3/project_1.srcs/sources_1/new/ADD.v" Line 79
Stopped at time : 135 ns : File "F:/Vivado/PROJECTS/final assessment/CNN/CNNTeam3/project_1.srcs/sources_1/new/ADD.v" Line 80
Stopped at time : 135 ns : File "F:/Vivado/PROJECTS/final assessment/CNN/CNNTeam3/project_1.srcs/sources_1/new/ADD.v" Line 81
Stopped at time : 135 ns : File "F:/Vivado/PROJECTS/final assessment/CNN/CNNTeam3/project_1.srcs/sources_1/new/ADD.v" Line 88
Stopped at time : 135 ns : File "F:/Vivado/PROJECTS/final assessment/CNN/CNNTeam3/project_1.srcs/sources_1/new/ADD.v" Line 96
Stopped at time : 135 ns : File "F:/Vivado/PROJECTS/final assessment/CNN/CNNTeam3/project_1.srcs/sources_1/new/ADD.v" Line 97
Stopped at time : 135 ns : File "F:/Vivado/PROJECTS/final assessment/CNN/CNNTeam3/project_1.srcs/sources_1/new/ADD.v" Line 98
Stopped at time : 135 ns : File "F:/Vivado/PROJECTS/final assessment/CNN/CNNTeam3/project_1.srcs/sources_1/new/ADD.v" Line 26
Stopped at time : 140 ns : File "F:/Vivado/PROJECTS/final assessment/CNN/CNNTeam3/project_1.srcs/sim_1/new/Conv_Basic_tb.v" Line 17
Stopped at time : 140 ns : File "F:/Vivado/PROJECTS/final assessment/CNN/CNNTeam3/project_1.srcs/sim_1/new/Conv_Basic_tb.v" Line 17
Stopped at time : 140 ns : File "F:/Vivado/PROJECTS/final assessment/CNN/CNNTeam3/project_1.srcs/sources_1/new/Conv_Basic.v" Line 198
Stopped at time : 140 ns : File "F:/Vivado/PROJECTS/final assessment/CNN/CNNTeam3/project_1.srcs/sources_1/new/Conv_Basic.v" Line 208
Stopped at time : 140 ns : File "F:/Vivado/PROJECTS/final assessment/CNN/CNNTeam3/project_1.srcs/sources_1/new/Conv_Basic.v" Line 210
Stopped at time : 140 ns : File "F:/Vivado/PROJECTS/final assessment/CNN/CNNTeam3/project_1.srcs/sources_1/new/Conv_Basic.v" Line 211
Stopped at time : 140 ns : File "F:/Vivado/PROJECTS/final assessment/CNN/CNNTeam3/project_1.srcs/sources_1/new/Conv_Basic.v" Line 212
Stopped at time : 140 ns : File "F:/Vivado/PROJECTS/final assessment/CNN/CNNTeam3/project_1.srcs/sources_1/new/Conv_Basic.v" Line 213
Stopped at time : 140 ns : File "F:/Vivado/PROJECTS/final assessment/CNN/CNNTeam3/project_1.srcs/sources_1/new/Conv_Basic.v" Line 214
Stopped at time : 140 ns : File "F:/Vivado/PROJECTS/final assessment/CNN/CNNTeam3/project_1.srcs/sources_1/new/Conv_Basic.v" Line 218
Stopped at time : 140 ns : File "F:/Vivado/PROJECTS/final assessment/CNN/CNNTeam3/project_1.srcs/sources_1/new/Conv_Basic.v" Line 220
Stopped at time : 140 ns : File "F:/Vivado/PROJECTS/final assessment/CNN/CNNTeam3/project_1.srcs/sources_1/new/Conv_Basic.v" Line 221
Stopped at time : 140 ns : File "F:/Vivado/PROJECTS/final assessment/CNN/CNNTeam3/project_1.srcs/sources_1/new/Conv_Basic.v" Line 222
Stopped at time : 140 ns : File "F:/Vivado/PROJECTS/final assessment/CNN/CNNTeam3/project_1.srcs/sources_1/new/Conv_Basic.v" Line 223
Stopped at time : 140 ns : File "F:/Vivado/PROJECTS/final assessment/CNN/CNNTeam3/project_1.srcs/sources_1/new/Conv_Basic.v" Line 224
Stopped at time : 140 ns : File "F:/Vivado/PROJECTS/final assessment/CNN/CNNTeam3/project_1.srcs/sources_1/new/Conv_Basic.v" Line 196
Stopped at time : 145 ns : File "F:/Vivado/PROJECTS/final assessment/CNN/CNNTeam3/project_1.srcs/sim_1/new/Conv_Basic_tb.v" Line 17
Stopped at time : 145 ns : File "F:/Vivado/PROJECTS/final assessment/CNN/CNNTeam3/project_1.srcs/sim_1/new/Conv_Basic_tb.v" Line 17
Stopped at time : 145 ns : File "F:/Vivado/PROJECTS/final assessment/CNN/CNNTeam3/project_1.srcs/sources_1/new/Conv_Basic.v" Line 135
Stopped at time : 145 ns : File "F:/Vivado/PROJECTS/final assessment/CNN/CNNTeam3/project_1.srcs/sources_1/new/Conv_Basic.v" Line 154
Stopped at time : 145 ns : File "F:/Vivado/PROJECTS/final assessment/CNN/CNNTeam3/project_1.srcs/sources_1/new/Conv_Basic.v" Line 173
Stopped at time : 145 ns : File "F:/Vivado/PROJECTS/final assessment/CNN/CNNTeam3/project_1.srcs/sources_1/new/Conv_Basic.v" Line 175
Stopped at time : 145 ns : File "F:/Vivado/PROJECTS/final assessment/CNN/CNNTeam3/project_1.srcs/sources_1/new/Conv_Basic.v" Line 176
Stopped at time : 145 ns : File "F:/Vivado/PROJECTS/final assessment/CNN/CNNTeam3/project_1.srcs/sources_1/new/Conv_Basic.v" Line 177
Stopped at time : 145 ns : File "F:/Vivado/PROJECTS/final assessment/CNN/CNNTeam3/project_1.srcs/sources_1/new/Conv_Basic.v" Line 179
Stopped at time : 145 ns : File "F:/Vivado/PROJECTS/final assessment/CNN/CNNTeam3/project_1.srcs/sources_1/new/Conv_Basic.v" Line 180
Stopped at time : 145 ns : File "F:/Vivado/PROJECTS/final assessment/CNN/CNNTeam3/project_1.srcs/sources_1/new/Conv_Basic.v" Line 182
Stopped at time : 145 ns : File "F:/Vivado/PROJECTS/final assessment/CNN/CNNTeam3/project_1.srcs/sources_1/new/Conv_Basic.v" Line 183
Stopped at time : 145 ns : File "F:/Vivado/PROJECTS/final assessment/CNN/CNNTeam3/project_1.srcs/sources_1/new/Conv_Basic.v" Line 185
Stopped at time : 145 ns : File "F:/Vivado/PROJECTS/final assessment/CNN/CNNTeam3/project_1.srcs/sources_1/new/Conv_Basic.v" Line 186
Stopped at time : 145 ns : File "F:/Vivado/PROJECTS/final assessment/CNN/CNNTeam3/project_1.srcs/sources_1/new/Conv_Basic.v" Line 188
Stopped at time : 145 ns : File "F:/Vivado/PROJECTS/final assessment/CNN/CNNTeam3/project_1.srcs/sources_1/new/Conv_Basic.v" Line 189
Stopped at time : 145 ns : File "F:/Vivado/PROJECTS/final assessment/CNN/CNNTeam3/project_1.srcs/sources_1/new/Conv_Basic.v" Line 190
Stopped at time : 145 ns : File "F:/Vivado/PROJECTS/final assessment/CNN/CNNTeam3/project_1.srcs/sources_1/new/Conv_Basic.v" Line 191
Stopped at time : 145 ns : File "F:/Vivado/PROJECTS/final assessment/CNN/CNNTeam3/project_1.srcs/sources_1/new/Conv_Basic.v" Line 133
Stopped at time : 150 ns : File "F:/Vivado/PROJECTS/final assessment/CNN/CNNTeam3/project_1.srcs/sim_1/new/Conv_Basic_tb.v" Line 17
Stopped at time : 150 ns : File "F:/Vivado/PROJECTS/final assessment/CNN/CNNTeam3/project_1.srcs/sim_1/new/Conv_Basic_tb.v" Line 17
Stopped at time : 150 ns : File "F:/Vivado/PROJECTS/final assessment/CNN/CNNTeam3/project_1.srcs/sources_1/new/Conv_Basic.v" Line 198
Stopped at time : 150 ns : File "F:/Vivado/PROJECTS/final assessment/CNN/CNNTeam3/project_1.srcs/sources_1/new/Conv_Basic.v" Line 208
Stopped at time : 150 ns : File "F:/Vivado/PROJECTS/final assessment/CNN/CNNTeam3/project_1.srcs/sources_1/new/Conv_Basic.v" Line 218
Stopped at time : 150 ns : File "F:/Vivado/PROJECTS/final assessment/CNN/CNNTeam3/project_1.srcs/sources_1/new/Conv_Basic.v" Line 220
Stopped at time : 150 ns : File "F:/Vivado/PROJECTS/final assessment/CNN/CNNTeam3/project_1.srcs/sources_1/new/Conv_Basic.v" Line 221
Stopped at time : 150 ns : File "F:/Vivado/PROJECTS/final assessment/CNN/CNNTeam3/project_1.srcs/sources_1/new/Conv_Basic.v" Line 222
Stopped at time : 150 ns : File "F:/Vivado/PROJECTS/final assessment/CNN/CNNTeam3/project_1.srcs/sources_1/new/Conv_Basic.v" Line 223
Stopped at time : 150 ns : File "F:/Vivado/PROJECTS/final assessment/CNN/CNNTeam3/project_1.srcs/sources_1/new/Conv_Basic.v" Line 224
Stopped at time : 150 ns : File "F:/Vivado/PROJECTS/final assessment/CNN/CNNTeam3/project_1.srcs/sources_1/new/Conv_Basic.v" Line 196
Stopped at time : 155 ns : File "F:/Vivado/PROJECTS/final assessment/CNN/CNNTeam3/project_1.srcs/sim_1/new/Conv_Basic_tb.v" Line 17
Stopped at time : 155 ns : File "F:/Vivado/PROJECTS/final assessment/CNN/CNNTeam3/project_1.srcs/sim_1/new/Conv_Basic_tb.v" Line 17
Stopped at time : 155 ns : File "F:/Vivado/PROJECTS/final assessment/CNN/CNNTeam3/project_1.srcs/sources_1/new/Conv_Basic.v" Line 135
Stopped at time : 155 ns : File "F:/Vivado/PROJECTS/final assessment/CNN/CNNTeam3/project_1.srcs/sources_1/new/Conv_Basic.v" Line 154
Stopped at time : 155 ns : File "F:/Vivado/PROJECTS/final assessment/CNN/CNNTeam3/project_1.srcs/sources_1/new/Conv_Basic.v" Line 173
Stopped at time : 155 ns : File "F:/Vivado/PROJECTS/final assessment/CNN/CNNTeam3/project_1.srcs/sources_1/new/Conv_Basic.v" Line 175
Stopped at time : 155 ns : File "F:/Vivado/PROJECTS/final assessment/CNN/CNNTeam3/project_1.srcs/sources_1/new/Conv_Basic.v" Line 176
Stopped at time : 155 ns : File "F:/Vivado/PROJECTS/final assessment/CNN/CNNTeam3/project_1.srcs/sources_1/new/Conv_Basic.v" Line 177
Stopped at time : 155 ns : File "F:/Vivado/PROJECTS/final assessment/CNN/CNNTeam3/project_1.srcs/sources_1/new/Conv_Basic.v" Line 179
Stopped at time : 155 ns : File "F:/Vivado/PROJECTS/final assessment/CNN/CNNTeam3/project_1.srcs/sources_1/new/Conv_Basic.v" Line 180
Stopped at time : 155 ns : File "F:/Vivado/PROJECTS/final assessment/CNN/CNNTeam3/project_1.srcs/sources_1/new/Conv_Basic.v" Line 182
Stopped at time : 155 ns : File "F:/Vivado/PROJECTS/final assessment/CNN/CNNTeam3/project_1.srcs/sources_1/new/Conv_Basic.v" Line 183
Stopped at time : 155 ns : File "F:/Vivado/PROJECTS/final assessment/CNN/CNNTeam3/project_1.srcs/sources_1/new/Conv_Basic.v" Line 185
Stopped at time : 155 ns : File "F:/Vivado/PROJECTS/final assessment/CNN/CNNTeam3/project_1.srcs/sources_1/new/Conv_Basic.v" Line 186
Stopped at time : 155 ns : File "F:/Vivado/PROJECTS/final assessment/CNN/CNNTeam3/project_1.srcs/sources_1/new/Conv_Basic.v" Line 188
Stopped at time : 155 ns : File "F:/Vivado/PROJECTS/final assessment/CNN/CNNTeam3/project_1.srcs/sources_1/new/Conv_Basic.v" Line 189
Stopped at time : 155 ns : File "F:/Vivado/PROJECTS/final assessment/CNN/CNNTeam3/project_1.srcs/sources_1/new/Conv_Basic.v" Line 190
Stopped at time : 155 ns : File "F:/Vivado/PROJECTS/final assessment/CNN/CNNTeam3/project_1.srcs/sources_1/new/Conv_Basic.v" Line 191
Stopped at time : 155 ns : File "F:/Vivado/PROJECTS/final assessment/CNN/CNNTeam3/project_1.srcs/sources_1/new/Conv_Basic.v" Line 133
Stopped at time : 160 ns : File "F:/Vivado/PROJECTS/final assessment/CNN/CNNTeam3/project_1.srcs/sim_1/new/Conv_Basic_tb.v" Line 17
Stopped at time : 160 ns : File "F:/Vivado/PROJECTS/final assessment/CNN/CNNTeam3/project_1.srcs/sim_1/new/Conv_Basic_tb.v" Line 17
Stopped at time : 160 ns : File "F:/Vivado/PROJECTS/final assessment/CNN/CNNTeam3/project_1.srcs/sources_1/new/Conv_Basic.v" Line 198
Stopped at time : 160 ns : File "F:/Vivado/PROJECTS/final assessment/CNN/CNNTeam3/project_1.srcs/sources_1/new/Conv_Basic.v" Line 208
Stopped at time : 160 ns : File "F:/Vivado/PROJECTS/final assessment/CNN/CNNTeam3/project_1.srcs/sources_1/new/Conv_Basic.v" Line 218
Stopped at time : 160 ns : File "F:/Vivado/PROJECTS/final assessment/CNN/CNNTeam3/project_1.srcs/sources_1/new/Conv_Basic.v" Line 220
Stopped at time : 160 ns : File "F:/Vivado/PROJECTS/final assessment/CNN/CNNTeam3/project_1.srcs/sources_1/new/Conv_Basic.v" Line 221
Stopped at time : 160 ns : File "F:/Vivado/PROJECTS/final assessment/CNN/CNNTeam3/project_1.srcs/sources_1/new/Conv_Basic.v" Line 222
Stopped at time : 160 ns : File "F:/Vivado/PROJECTS/final assessment/CNN/CNNTeam3/project_1.srcs/sources_1/new/Conv_Basic.v" Line 223
Stopped at time : 160 ns : File "F:/Vivado/PROJECTS/final assessment/CNN/CNNTeam3/project_1.srcs/sources_1/new/Conv_Basic.v" Line 224
Stopped at time : 160 ns : File "F:/Vivado/PROJECTS/final assessment/CNN/CNNTeam3/project_1.srcs/sources_1/new/Conv_Basic.v" Line 196
Stopped at time : 165 ns : File "F:/Vivado/PROJECTS/final assessment/CNN/CNNTeam3/project_1.srcs/sim_1/new/Conv_Basic_tb.v" Line 17
Stopped at time : 165 ns : File "F:/Vivado/PROJECTS/final assessment/CNN/CNNTeam3/project_1.srcs/sim_1/new/Conv_Basic_tb.v" Line 17
Stopped at time : 165 ns : File "F:/Vivado/PROJECTS/final assessment/CNN/CNNTeam3/project_1.srcs/sources_1/new/Conv_Basic.v" Line 135
